[2023-06-11 12:12:29Z INFO HostContext] No proxy settings were found based on environmental variables (http_proxy/https_proxy/HTTP_PROXY/HTTPS_PROXY)
[2023-06-11 12:12:29Z INFO HostContext] Well known directory 'Bin': 'C:\Users\User\Desktop\course-starting-project\actions-runner\bin'
[2023-06-11 12:12:29Z INFO HostContext] Well known directory 'Root': 'C:\Users\User\Desktop\course-starting-project\actions-runner'
[2023-06-11 12:12:29Z INFO HostContext] Well known config file 'Credentials': 'C:\Users\User\Desktop\course-starting-project\actions-runner\.credentials'
[2023-06-11 12:12:29Z INFO HostContext] Well known directory 'Bin': 'C:\Users\User\Desktop\course-starting-project\actions-runner\bin'
[2023-06-11 12:12:29Z INFO HostContext] Well known directory 'Root': 'C:\Users\User\Desktop\course-starting-project\actions-runner'
[2023-06-11 12:12:29Z INFO HostContext] Well known config file 'Runner': 'C:\Users\User\Desktop\course-starting-project\actions-runner\.runner'
[2023-06-11 12:12:29Z INFO Listener] Runner is built for Windows (X64) - win-x64.
[2023-06-11 12:12:29Z INFO Listener] RuntimeInformation: Microsoft Windows 10.0.19045.
[2023-06-11 12:12:29Z INFO Listener] Version: 2.304.0
[2023-06-11 12:12:29Z INFO Listener] Commit: 9ef4121b5b31ee5c03b7770288213d741081f747
[2023-06-11 12:12:29Z INFO Listener] Culture: ko-KR
[2023-06-11 12:12:29Z INFO Listener] UI Culture: ko-KR
[2023-06-11 12:12:29Z INFO HostContext] Well known directory 'Bin': 'C:\Users\User\Desktop\course-starting-project\actions-runner\bin'
[2023-06-11 12:12:29Z INFO HostContext] Well known directory 'Root': 'C:\Users\User\Desktop\course-starting-project\actions-runner'
[2023-06-11 12:12:29Z INFO Listener] Validating directory permissions for: 'C:\Users\User\Desktop\course-starting-project\actions-runner'
[2023-06-11 12:12:29Z INFO CommandLineParser] Parse
[2023-06-11 12:12:29Z INFO CommandLineParser] Parsing 1 args
[2023-06-11 12:12:29Z INFO CommandLineParser] parsing argument
[2023-06-11 12:12:29Z INFO CommandLineParser] HasArgs: False
[2023-06-11 12:12:29Z INFO CommandLineParser] Adding Command: run
[2023-06-11 12:12:29Z INFO Listener] Arguments parsed
[2023-06-11 12:12:29Z INFO Runner] ExecuteCommand
[2023-06-11 12:12:29Z INFO ConfigurationStore] currentAssemblyLocation: C:\Users\User\Desktop\course-starting-project\actions-runner\bin\Runner.Listener.dll
[2023-06-11 12:12:29Z INFO HostContext] Well known directory 'Bin': 'C:\Users\User\Desktop\course-starting-project\actions-runner\bin'
[2023-06-11 12:12:29Z INFO ConfigurationStore] binPath: C:\Users\User\Desktop\course-starting-project\actions-runner\bin
[2023-06-11 12:12:29Z INFO HostContext] Well known directory 'Bin': 'C:\Users\User\Desktop\course-starting-project\actions-runner\bin'
[2023-06-11 12:12:29Z INFO HostContext] Well known directory 'Root': 'C:\Users\User\Desktop\course-starting-project\actions-runner'
[2023-06-11 12:12:29Z INFO ConfigurationStore] RootFolder: C:\Users\User\Desktop\course-starting-project\actions-runner
[2023-06-11 12:12:29Z INFO HostContext] Well known directory 'Bin': 'C:\Users\User\Desktop\course-starting-project\actions-runner\bin'
[2023-06-11 12:12:29Z INFO HostContext] Well known directory 'Root': 'C:\Users\User\Desktop\course-starting-project\actions-runner'
[2023-06-11 12:12:29Z INFO HostContext] Well known config file 'Runner': 'C:\Users\User\Desktop\course-starting-project\actions-runner\.runner'
[2023-06-11 12:12:29Z INFO ConfigurationStore] ConfigFilePath: C:\Users\User\Desktop\course-starting-project\actions-runner\.runner
[2023-06-11 12:12:29Z INFO HostContext] Well known directory 'Bin': 'C:\Users\User\Desktop\course-starting-project\actions-runner\bin'
[2023-06-11 12:12:29Z INFO HostContext] Well known directory 'Root': 'C:\Users\User\Desktop\course-starting-project\actions-runner'
[2023-06-11 12:12:29Z INFO HostContext] Well known config file 'Credentials': 'C:\Users\User\Desktop\course-starting-project\actions-runner\.credentials'
[2023-06-11 12:12:29Z INFO ConfigurationStore] CredFilePath: C:\Users\User\Desktop\course-starting-project\actions-runner\.credentials
[2023-06-11 12:12:29Z INFO HostContext] Well known directory 'Bin': 'C:\Users\User\Desktop\course-starting-project\actions-runner\bin'
[2023-06-11 12:12:29Z INFO HostContext] Well known directory 'Root': 'C:\Users\User\Desktop\course-starting-project\actions-runner'
[2023-06-11 12:12:29Z INFO HostContext] Well known config file 'MigratedCredentials': 'C:\Users\User\Desktop\course-starting-project\actions-runner\.credentials_migrated'
[2023-06-11 12:12:29Z INFO ConfigurationStore] MigratedCredFilePath: C:\Users\User\Desktop\course-starting-project\actions-runner\.credentials_migrated
[2023-06-11 12:12:29Z INFO HostContext] Well known directory 'Bin': 'C:\Users\User\Desktop\course-starting-project\actions-runner\bin'
[2023-06-11 12:12:29Z INFO HostContext] Well known directory 'Root': 'C:\Users\User\Desktop\course-starting-project\actions-runner'
[2023-06-11 12:12:29Z INFO HostContext] Well known config file 'Service': 'C:\Users\User\Desktop\course-starting-project\actions-runner\.service'
[2023-06-11 12:12:29Z INFO ConfigurationStore] ServiceConfigFilePath: C:\Users\User\Desktop\course-starting-project\actions-runner\.service
[2023-06-11 12:12:29Z INFO CommandSettings] Flag 'help': 'False'
[2023-06-11 12:12:29Z INFO CommandSettings] Flag 'version': 'False'
[2023-06-11 12:12:29Z INFO CommandSettings] Flag 'commit': 'False'
[2023-06-11 12:12:29Z INFO CommandSettings] Flag 'check': 'False'
[2023-06-11 12:12:29Z INFO CommandSettings] Command 'configure': 'False'
[2023-06-11 12:12:29Z INFO CommandSettings] Command 'remove': 'False'
[2023-06-11 12:12:29Z INFO CommandSettings] Command 'warmup': 'False'
[2023-06-11 12:12:29Z INFO ConfigurationManager] LoadSettings
[2023-06-11 12:12:29Z INFO ConfigurationStore] IsConfigured()
[2023-06-11 12:12:29Z INFO ConfigurationStore] IsConfigured: True
[2023-06-11 12:12:29Z INFO ConfigurationManager] Is configured: True
[2023-06-11 12:12:29Z INFO ConfigurationStore] Read setting file: 314 chars
[2023-06-11 12:12:29Z INFO ConfigurationManager] Settings Loaded
[2023-06-11 12:12:29Z INFO ConfigurationStore] IsServiceConfigured()
[2023-06-11 12:12:29Z INFO ConfigurationStore] IsServiceConfigured: True
[2023-06-11 12:12:29Z INFO CommandSettings] Command 'run': 'True'
[2023-06-11 12:12:29Z INFO ConfigurationStore] IsConfigured()
[2023-06-11 12:12:29Z INFO ConfigurationStore] IsConfigured: True
[2023-06-11 12:12:29Z INFO ConfigurationManager] Is configured: True
[2023-06-11 12:12:29Z INFO Runner] Try determine runner startup type base on console redirects.
[2023-06-11 12:12:29Z INFO Runner] Set runner startup type - Manual
[2023-06-11 12:12:29Z INFO CommandSettings] Flag 'once': 'False'
[2023-06-11 12:12:29Z INFO CommandSettings] Flag 'once': 'False'
[2023-06-11 12:12:29Z INFO Runner] RunAsync
[2023-06-11 12:12:29Z INFO ConfigurationManager] LoadSettings
[2023-06-11 12:12:29Z INFO ConfigurationStore] IsConfigured()
[2023-06-11 12:12:29Z INFO ConfigurationStore] IsConfigured: True
[2023-06-11 12:12:29Z INFO ConfigurationManager] Is configured: True
[2023-06-11 12:12:29Z INFO ConfigurationManager] Settings Loaded
[2023-06-11 12:12:29Z INFO MessageListener] {
  "AgentId": 2,
  "AgentName": "sampleNameOfRunner",
  "PoolId": 1,
  "PoolName": "Default",
  "ServerUrl": "https://pipelines.actions.githubusercontent.com/zBKGGQMEWysdZs8jLDpxE1gJsFitOBF9mWsd62JgeZNaZYeRaa",
  "GitHubUrl": "https://github.com/kwakseungmin23/TS_Practice_Real",
  "WorkFolder": "_work"
}
[2023-06-11 12:12:29Z INFO MessageListener] Loading Credentials
[2023-06-11 12:12:29Z INFO ConfigurationStore] HasCredentials()
[2023-06-11 12:12:29Z INFO ConfigurationStore] stored True
[2023-06-11 12:12:29Z INFO CredentialManager] GetCredentialProvider
[2023-06-11 12:12:29Z INFO CredentialManager] Creating type OAuth
[2023-06-11 12:12:29Z INFO CredentialManager] Creating credential type: OAuth
[2023-06-11 12:12:29Z INFO HostContext] Well known directory 'Bin': 'C:\Users\User\Desktop\course-starting-project\actions-runner\bin'
[2023-06-11 12:12:29Z INFO HostContext] Well known directory 'Root': 'C:\Users\User\Desktop\course-starting-project\actions-runner'
[2023-06-11 12:12:29Z INFO HostContext] Well known config file 'RSACredentials': 'C:\Users\User\Desktop\course-starting-project\actions-runner\.credentials_rsaparams'
[2023-06-11 12:12:29Z INFO RSAEncryptedFileKeyManager] Loading RSA key parameters from file C:\Users\User\Desktop\course-starting-project\actions-runner\.credentials_rsaparams
[2023-06-11 12:12:29Z INFO MessageListener] Attempt to create session.
[2023-06-11 12:12:29Z INFO MessageListener] Connecting to the Runner Server...
[2023-06-11 12:12:29Z INFO RunnerServer] EstablishVssConnection
[2023-06-11 12:12:29Z INFO RunnerServer] Establish connection with 100 seconds timeout.
[2023-06-11 12:12:29Z INFO GitHubActionsService] Starting operation Location.GetConnectionData
[2023-06-11 12:12:30Z INFO RunnerServer] EstablishVssConnection
[2023-06-11 12:12:30Z INFO RunnerServer] Establish connection with 60 seconds timeout.
[2023-06-11 12:12:30Z INFO GitHubActionsService] Starting operation Location.GetConnectionData
[2023-06-11 12:12:30Z INFO RunnerServer] EstablishVssConnection
[2023-06-11 12:12:30Z INFO RunnerServer] Establish connection with 60 seconds timeout.
[2023-06-11 12:12:30Z INFO GitHubActionsService] Starting operation Location.GetConnectionData
[2023-06-11 12:12:30Z INFO GitHubActionsService] Finished operation Location.GetConnectionData
[2023-06-11 12:12:30Z INFO GitHubActionsService] Finished operation Location.GetConnectionData
[2023-06-11 12:12:30Z INFO GitHubActionsService] Finished operation Location.GetConnectionData
[2023-06-11 12:12:31Z INFO MessageListener] VssConnection created
[2023-06-11 12:12:31Z INFO Terminal] WRITE LINE: 
[2023-06-11 12:12:31Z INFO Terminal] WRITE LINE: 
[2023-06-11 12:12:31Z INFO RSAEncryptedFileKeyManager] Loading RSA key parameters from file C:\Users\User\Desktop\course-starting-project\actions-runner\.credentials_rsaparams
[2023-06-11 12:12:31Z INFO RSAEncryptedFileKeyManager] Loading RSA key parameters from file C:\Users\User\Desktop\course-starting-project\actions-runner\.credentials_rsaparams
[2023-06-11 12:12:32Z INFO GitHubActionsService] AAD Correlation ID for this token request: Unknown
[2023-06-11 12:12:32Z INFO MessageListener] Session created.
[2023-06-11 12:12:32Z INFO Terminal] WRITE LINE: Current runner version: '2.304.0'
[2023-06-11 12:12:32Z INFO Terminal] WRITE LINE: 2023-06-11 12:12:32Z: Listening for Jobs
[2023-06-11 12:12:32Z INFO JobDispatcher] Set runner/worker IPC timeout to 30 seconds.
[2023-06-11 12:19:45Z INFO Terminal] WRITE LINE: Exiting...
[2023-06-11 12:19:45Z INFO ConfigurationStore] IsServiceConfigured()
[2023-06-11 12:19:45Z INFO ConfigurationStore] IsServiceConfigured: True
[2023-06-11 12:19:45Z INFO Runner] Received Ctrl-C signal, stop Runner.Listener and Runner.Worker.
[2023-06-11 12:19:45Z INFO HostContext] Runner will be shutdown for UserCancelled
[2023-06-11 12:19:45Z WARN GitHubActionsService] GET request to https://pipelines.actions.githubusercontent.com/zBKGGQMEWysdZs8jLDpxE1gJsFitOBF9mWsd62JgeZNaZYeRaa/_apis/distributedtask/pools/1/messages?sessionId=59f0dd13-5489-428e-9827-05596a13d9b2&status=Online&runnerVersion=2.304.0 has been cancelled.
[2023-06-11 12:19:45Z INFO MessageListener] Get next message has been cancelled.
[2023-06-11 12:19:45Z INFO JobDispatcher] Shutting down JobDispatcher. Make sure all WorkerDispatcher has finished.
[2023-06-11 12:19:45Z INFO Listener] Runner execution been cancelled.
