[2023-06-11 12:11:09Z INFO HostContext] No proxy settings were found based on environmental variables (http_proxy/https_proxy/HTTP_PROXY/HTTPS_PROXY)
[2023-06-11 12:11:09Z INFO HostContext] Well known directory 'Bin': 'C:\Users\User\Desktop\course-starting-project\actions-runner\bin'
[2023-06-11 12:11:09Z INFO HostContext] Well known directory 'Root': 'C:\Users\User\Desktop\course-starting-project\actions-runner'
[2023-06-11 12:11:09Z INFO HostContext] Well known config file 'Credentials': 'C:\Users\User\Desktop\course-starting-project\actions-runner\.credentials'
[2023-06-11 12:11:09Z INFO HostContext] Well known directory 'Bin': 'C:\Users\User\Desktop\course-starting-project\actions-runner\bin'
[2023-06-11 12:11:09Z INFO HostContext] Well known directory 'Root': 'C:\Users\User\Desktop\course-starting-project\actions-runner'
[2023-06-11 12:11:09Z INFO HostContext] Well known config file 'Runner': 'C:\Users\User\Desktop\course-starting-project\actions-runner\.runner'
[2023-06-11 12:11:09Z INFO Listener] Runner is built for Windows (X64) - win-x64.
[2023-06-11 12:11:09Z INFO Listener] RuntimeInformation: Microsoft Windows 10.0.19045.
[2023-06-11 12:11:09Z INFO Listener] Version: 2.304.0
[2023-06-11 12:11:09Z INFO Listener] Commit: 9ef4121b5b31ee5c03b7770288213d741081f747
[2023-06-11 12:11:09Z INFO Listener] Culture: ko-KR
[2023-06-11 12:11:09Z INFO Listener] UI Culture: ko-KR
[2023-06-11 12:11:09Z INFO HostContext] Well known directory 'Bin': 'C:\Users\User\Desktop\course-starting-project\actions-runner\bin'
[2023-06-11 12:11:09Z INFO HostContext] Well known directory 'Root': 'C:\Users\User\Desktop\course-starting-project\actions-runner'
[2023-06-11 12:11:09Z INFO Listener] Validating directory permissions for: 'C:\Users\User\Desktop\course-starting-project\actions-runner'
[2023-06-11 12:11:09Z INFO CommandLineParser] Parse
[2023-06-11 12:11:09Z INFO CommandLineParser] Parsing 5 args
[2023-06-11 12:11:09Z INFO CommandLineParser] parsing argument
[2023-06-11 12:11:09Z INFO CommandLineParser] HasArgs: False
[2023-06-11 12:11:09Z INFO CommandLineParser] Adding Command: configure
[2023-06-11 12:11:09Z INFO CommandLineParser] parsing argument
[2023-06-11 12:11:09Z INFO CommandLineParser] HasArgs: True
[2023-06-11 12:11:09Z INFO CommandLineParser] arg: url
[2023-06-11 12:11:09Z INFO CommandLineParser] parsing argument
[2023-06-11 12:11:09Z INFO CommandLineParser] HasArgs: True
[2023-06-11 12:11:09Z INFO CommandLineParser] Adding option 'url': 'https://github.com/kwakseungmin23/TS_Practice_Real'
[2023-06-11 12:11:09Z INFO CommandLineParser] parsing argument
[2023-06-11 12:11:09Z INFO CommandLineParser] HasArgs: True
[2023-06-11 12:11:09Z INFO CommandLineParser] arg: token
[2023-06-11 12:11:09Z INFO CommandLineParser] parsing argument
[2023-06-11 12:11:09Z INFO CommandLineParser] HasArgs: True
[2023-06-11 12:11:09Z INFO CommandLineParser] Adding option 'token': '***'
[2023-06-11 12:11:09Z INFO Listener] Arguments parsed
[2023-06-11 12:11:09Z INFO Runner] ExecuteCommand
[2023-06-11 12:11:09Z INFO ConfigurationStore] currentAssemblyLocation: C:\Users\User\Desktop\course-starting-project\actions-runner\bin\Runner.Listener.dll
[2023-06-11 12:11:09Z INFO HostContext] Well known directory 'Bin': 'C:\Users\User\Desktop\course-starting-project\actions-runner\bin'
[2023-06-11 12:11:09Z INFO ConfigurationStore] binPath: C:\Users\User\Desktop\course-starting-project\actions-runner\bin
[2023-06-11 12:11:09Z INFO HostContext] Well known directory 'Bin': 'C:\Users\User\Desktop\course-starting-project\actions-runner\bin'
[2023-06-11 12:11:09Z INFO HostContext] Well known directory 'Root': 'C:\Users\User\Desktop\course-starting-project\actions-runner'
[2023-06-11 12:11:09Z INFO ConfigurationStore] RootFolder: C:\Users\User\Desktop\course-starting-project\actions-runner
[2023-06-11 12:11:09Z INFO HostContext] Well known directory 'Bin': 'C:\Users\User\Desktop\course-starting-project\actions-runner\bin'
[2023-06-11 12:11:09Z INFO HostContext] Well known directory 'Root': 'C:\Users\User\Desktop\course-starting-project\actions-runner'
[2023-06-11 12:11:09Z INFO HostContext] Well known config file 'Runner': 'C:\Users\User\Desktop\course-starting-project\actions-runner\.runner'
[2023-06-11 12:11:09Z INFO ConfigurationStore] ConfigFilePath: C:\Users\User\Desktop\course-starting-project\actions-runner\.runner
[2023-06-11 12:11:09Z INFO HostContext] Well known directory 'Bin': 'C:\Users\User\Desktop\course-starting-project\actions-runner\bin'
[2023-06-11 12:11:09Z INFO HostContext] Well known directory 'Root': 'C:\Users\User\Desktop\course-starting-project\actions-runner'
[2023-06-11 12:11:09Z INFO HostContext] Well known config file 'Credentials': 'C:\Users\User\Desktop\course-starting-project\actions-runner\.credentials'
[2023-06-11 12:11:09Z INFO ConfigurationStore] CredFilePath: C:\Users\User\Desktop\course-starting-project\actions-runner\.credentials
[2023-06-11 12:11:09Z INFO HostContext] Well known directory 'Bin': 'C:\Users\User\Desktop\course-starting-project\actions-runner\bin'
[2023-06-11 12:11:09Z INFO HostContext] Well known directory 'Root': 'C:\Users\User\Desktop\course-starting-project\actions-runner'
[2023-06-11 12:11:09Z INFO HostContext] Well known config file 'MigratedCredentials': 'C:\Users\User\Desktop\course-starting-project\actions-runner\.credentials_migrated'
[2023-06-11 12:11:09Z INFO ConfigurationStore] MigratedCredFilePath: C:\Users\User\Desktop\course-starting-project\actions-runner\.credentials_migrated
[2023-06-11 12:11:09Z INFO HostContext] Well known directory 'Bin': 'C:\Users\User\Desktop\course-starting-project\actions-runner\bin'
[2023-06-11 12:11:09Z INFO HostContext] Well known directory 'Root': 'C:\Users\User\Desktop\course-starting-project\actions-runner'
[2023-06-11 12:11:09Z INFO HostContext] Well known config file 'Service': 'C:\Users\User\Desktop\course-starting-project\actions-runner\.service'
[2023-06-11 12:11:09Z INFO ConfigurationStore] ServiceConfigFilePath: C:\Users\User\Desktop\course-starting-project\actions-runner\.service
[2023-06-11 12:11:09Z INFO CommandSettings] Flag 'help': 'False'
[2023-06-11 12:11:09Z INFO CommandSettings] Flag 'version': 'False'
[2023-06-11 12:11:09Z INFO CommandSettings] Flag 'commit': 'False'
[2023-06-11 12:11:09Z INFO CommandSettings] Flag 'check': 'False'
[2023-06-11 12:11:10Z INFO CommandSettings] Command 'configure': 'True'
[2023-06-11 12:11:10Z INFO Terminal] WRITE LINE: 
[2023-06-11 12:11:10Z INFO Terminal] WRITE LINE: --------------------------------------------------------------------------------
[2023-06-11 12:11:10Z INFO Terminal] WRITE LINE: |        ____ _ _   _   _       _          _        _   _                      |
[2023-06-11 12:11:10Z INFO Terminal] WRITE LINE: |       / ___(_) |_| | | |_   _| |__      / \   ___| |_(_) ___  _ __  ___      |
[2023-06-11 12:11:10Z INFO Terminal] WRITE LINE: |      | |  _| | __| |_| | | | | '_ \    / _ \ / __| __| |/ _ \| '_ \/ __|     |
[2023-06-11 12:11:10Z INFO Terminal] WRITE LINE: |      | |_| | | |_|  _  | |_| | |_) |  / ___ \ (__| |_| | (_) | | | \__ \     |
[2023-06-11 12:11:10Z INFO Terminal] WRITE LINE: |       \____|_|\__|_| |_|\__,_|_.__/  /_/   \_\___|\__|_|\___/|_| |_|___/     |
[2023-06-11 12:11:10Z INFO Terminal] WRITE LINE: |                                                                              |
[2023-06-11 12:11:10Z INFO Terminal] WRITE: |                       
[2023-06-11 12:11:10Z INFO Terminal] WRITE: Self-hosted runner registration
[2023-06-11 12:11:10Z INFO Terminal] WRITE LINE:                         |
[2023-06-11 12:11:10Z INFO Terminal] WRITE LINE: |                                                                              |
[2023-06-11 12:11:10Z INFO Terminal] WRITE LINE: --------------------------------------------------------------------------------
[2023-06-11 12:11:10Z INFO ConfigurationManager] ConfigureAsync
[2023-06-11 12:11:10Z INFO CommandSettings] Flag 'generateServiceConfig': 'False'
[2023-06-11 12:11:10Z INFO ConfigurationStore] IsConfigured()
[2023-06-11 12:11:10Z INFO ConfigurationStore] IsConfigured: False
[2023-06-11 12:11:10Z INFO ConfigurationManager] Is configured: False
[2023-06-11 12:11:10Z INFO CommandSettings] Arg 'url': 'https://github.com/kwakseungmin23/TS_Practice_Real'
[2023-06-11 12:11:10Z INFO CommandSettings] Remove url from Arg dictionary.
[2023-06-11 12:11:10Z INFO CommandSettings] Arg 'token': '***'
[2023-06-11 12:11:10Z INFO CommandSettings] Remove token from Arg dictionary.
[2023-06-11 12:11:10Z INFO ConfigurationManager] Http response code: OK from 'POST https://api.github.com/actions/runner-registration' (CE56:7807:4C565D:5A7383:6485B9DD)
[2023-06-11 12:11:10Z INFO Terminal] WRITE LINE: Using V2 flow: False
[2023-06-11 12:11:10Z INFO ConfigurationManager] cred retrieved via GitHub auth
[2023-06-11 12:11:10Z INFO RunnerServer] EstablishVssConnection
[2023-06-11 12:11:10Z INFO RunnerServer] Establish connection with 100 seconds timeout.
[2023-06-11 12:11:10Z INFO GitHubActionsService] Starting operation Location.GetConnectionData
[2023-06-11 12:11:10Z INFO RunnerServer] EstablishVssConnection
[2023-06-11 12:11:10Z INFO RunnerServer] Establish connection with 60 seconds timeout.
[2023-06-11 12:11:10Z INFO GitHubActionsService] Starting operation Location.GetConnectionData
[2023-06-11 12:11:10Z INFO RunnerServer] EstablishVssConnection
[2023-06-11 12:11:10Z INFO RunnerServer] Establish connection with 60 seconds timeout.
[2023-06-11 12:11:10Z INFO GitHubActionsService] Starting operation Location.GetConnectionData
[2023-06-11 12:11:11Z INFO GitHubActionsService] Finished operation Location.GetConnectionData
[2023-06-11 12:11:11Z INFO GitHubActionsService] Finished operation Location.GetConnectionData
[2023-06-11 12:11:12Z INFO GitHubActionsService] Finished operation Location.GetConnectionData
[2023-06-11 12:11:12Z INFO Terminal] WRITE LINE: 
[2023-06-11 12:11:12Z INFO ConfigurationManager] Test Connection complete.
[2023-06-11 12:11:12Z INFO HostContext] Well known directory 'Bin': 'C:\Users\User\Desktop\course-starting-project\actions-runner\bin'
[2023-06-11 12:11:12Z INFO HostContext] Well known directory 'Root': 'C:\Users\User\Desktop\course-starting-project\actions-runner'
[2023-06-11 12:11:12Z INFO HostContext] Well known config file 'RSACredentials': 'C:\Users\User\Desktop\course-starting-project\actions-runner\.credentials_rsaparams'
[2023-06-11 12:11:12Z INFO RSAEncryptedFileKeyManager] Found existing RSA key parameters file C:\Users\User\Desktop\course-starting-project\actions-runner\.credentials_rsaparams
[2023-06-11 12:11:12Z INFO CommandSettings] Arg 'runnergroup': ''
[2023-06-11 12:11:12Z INFO CommandSettings] Flag 'unattended': 'False'
[2023-06-11 12:11:12Z INFO PromptManager] ReadValue
[2023-06-11 12:11:12Z INFO Terminal] WRITE: Enter the name of the runner group to add this runner to: 
[2023-06-11 12:11:12Z INFO Terminal] WRITE: [press Enter for Default] 
[2023-06-11 12:11:12Z INFO Terminal] READ LINE
[2023-06-11 12:11:13Z INFO Terminal] Read value: ''
[2023-06-11 12:11:13Z INFO PromptManager] Falling back to the default: 'Default'
[2023-06-11 12:11:13Z INFO Terminal] WRITE LINE: 
[2023-06-11 12:11:13Z INFO ConfigurationManager] Found a self-hosted runner group with id 1 and name Default
[2023-06-11 12:11:13Z INFO CommandSettings] Flag 'disableupdate': 'False'
[2023-06-11 12:11:13Z INFO CommandSettings] Flag 'ephemeral': 'False'
[2023-06-11 12:11:13Z INFO CommandSettings] Arg 'name': ''
[2023-06-11 12:11:13Z INFO CommandSettings] Flag 'unattended': 'False'
[2023-06-11 12:11:13Z INFO PromptManager] ReadValue
[2023-06-11 12:11:13Z INFO Terminal] WRITE: Enter the name of runner: 
[2023-06-11 12:11:13Z INFO Terminal] WRITE: [press Enter for PERSONALCOMPUTE] 
[2023-06-11 12:11:13Z INFO Terminal] READ LINE
[2023-06-11 12:11:24Z INFO Terminal] Read value: 'sampleNameOfRunner'
[2023-06-11 12:11:24Z INFO Terminal] WRITE LINE: 
[2023-06-11 12:11:24Z INFO CommandSettings] Arg 'labels': ''
[2023-06-11 12:11:24Z INFO CommandSettings] Flag 'unattended': 'False'
[2023-06-11 12:11:24Z INFO PromptManager] ReadValue
[2023-06-11 12:11:24Z INFO Terminal] WRITE: This runner will have the following labels: 'self-hosted', 'Windows', 'X64' 
Enter any additional labels (ex. label-1,label-2): 
[2023-06-11 12:11:24Z INFO Terminal] WRITE: [press Enter to skip] 
[2023-06-11 12:11:24Z INFO Terminal] READ LINE
[2023-06-11 12:11:29Z INFO Terminal] Read value: ''
[2023-06-11 12:11:29Z INFO Terminal] WRITE LINE: 
[2023-06-11 12:11:29Z INFO CommandSettings] Flag 'disableupdate': 'False'
[2023-06-11 12:11:30Z INFO CommandSettings] Flag 'disableupdate': 'False'
[2023-06-11 12:11:30Z INFO CommandSettings] Flag 'ephemeral': 'False'
[2023-06-11 12:11:30Z INFO ConfigurationStore] Saving OAuth credential @ C:\Users\User\Desktop\course-starting-project\actions-runner\.credentials
[2023-06-11 12:11:30Z INFO ConfigurationStore] Credentials Saved.
[2023-06-11 12:11:30Z INFO ConfigurationStore] HasCredentials()
[2023-06-11 12:11:30Z INFO ConfigurationStore] stored True
[2023-06-11 12:11:30Z INFO CredentialManager] GetCredentialProvider
[2023-06-11 12:11:30Z INFO CredentialManager] Creating type OAuth
[2023-06-11 12:11:30Z INFO CredentialManager] Creating credential type: OAuth
[2023-06-11 12:11:30Z INFO RSAEncryptedFileKeyManager] Loading RSA key parameters from file C:\Users\User\Desktop\course-starting-project\actions-runner\.credentials_rsaparams
[2023-06-11 12:11:30Z INFO RunnerServer] EstablishVssConnection
[2023-06-11 12:11:30Z INFO RunnerServer] Establish connection with 100 seconds timeout.
[2023-06-11 12:11:30Z INFO GitHubActionsService] Starting operation Location.GetConnectionData
[2023-06-11 12:11:30Z INFO RunnerServer] EstablishVssConnection
[2023-06-11 12:11:30Z INFO RunnerServer] Establish connection with 60 seconds timeout.
[2023-06-11 12:11:30Z INFO GitHubActionsService] Starting operation Location.GetConnectionData
[2023-06-11 12:11:30Z INFO RunnerServer] EstablishVssConnection
[2023-06-11 12:11:30Z INFO RunnerServer] Establish connection with 60 seconds timeout.
[2023-06-11 12:11:30Z INFO GitHubActionsService] Starting operation Location.GetConnectionData
[2023-06-11 12:11:30Z INFO GitHubActionsService] Finished operation Location.GetConnectionData
[2023-06-11 12:11:30Z INFO GitHubActionsService] Finished operation Location.GetConnectionData
[2023-06-11 12:11:31Z INFO GitHubActionsService] Finished operation Location.GetConnectionData
[2023-06-11 12:11:31Z INFO RSAEncryptedFileKeyManager] Loading RSA key parameters from file C:\Users\User\Desktop\course-starting-project\actions-runner\.credentials_rsaparams
[2023-06-11 12:11:31Z INFO RSAEncryptedFileKeyManager] Loading RSA key parameters from file C:\Users\User\Desktop\course-starting-project\actions-runner\.credentials_rsaparams
[2023-06-11 12:11:32Z INFO GitHubActionsService] AAD Correlation ID for this token request: Unknown
[2023-06-11 12:11:32Z INFO CommandSettings] Arg 'work': ''
[2023-06-11 12:11:32Z INFO CommandSettings] Flag 'unattended': 'False'
[2023-06-11 12:11:32Z INFO PromptManager] ReadValue
[2023-06-11 12:11:32Z INFO Terminal] WRITE: Enter name of work folder: 
[2023-06-11 12:11:32Z INFO Terminal] WRITE: [press Enter for _work] 
[2023-06-11 12:11:32Z INFO Terminal] READ LINE
[2023-06-11 12:11:41Z INFO Terminal] Read value: ''
[2023-06-11 12:11:41Z INFO PromptManager] Falling back to the default: '_work'
[2023-06-11 12:11:41Z INFO ConfigurationStore] Saving runner settings.
[2023-06-11 12:11:41Z INFO ConfigurationStore] Settings Saved.
[2023-06-11 12:11:41Z INFO Terminal] WRITE LINE: 
[2023-06-11 12:11:41Z INFO Terminal] WRITE LINE: 
[2023-06-11 12:11:41Z INFO CommandSettings] Flag 'runasservice': 'False'
[2023-06-11 12:11:41Z INFO CommandSettings] Flag 'unattended': 'False'
[2023-06-11 12:11:41Z INFO PromptManager] ReadValue
[2023-06-11 12:11:41Z INFO Terminal] WRITE: Would you like to run the runner as service? (Y/N) 
[2023-06-11 12:11:41Z INFO Terminal] WRITE: [press Enter for N] 
[2023-06-11 12:11:41Z INFO Terminal] READ LINE
[2023-06-11 12:11:47Z INFO Terminal] Read value: 'Y'
[2023-06-11 12:11:47Z INFO ConfigurationManager] Configuring to run the agent as service
[2023-06-11 12:11:47Z INFO CommandSettings] Arg 'windowslogonaccount': ''
[2023-06-11 12:11:47Z INFO CommandSettings] Flag 'unattended': 'False'
[2023-06-11 12:11:47Z INFO PromptManager] ReadValue
[2023-06-11 12:11:47Z INFO Terminal] WRITE: User account to use for the service 
[2023-06-11 12:11:47Z INFO Terminal] WRITE: [press Enter for NT AUTHORITY\NETWORK SERVICE] 
[2023-06-11 12:11:47Z INFO Terminal] READ LINE
[2023-06-11 12:12:17Z INFO Terminal] Read value: ''
[2023-06-11 12:12:17Z INFO PromptManager] Falling back to the default: 'NT AUTHORITY\NETWORK SERVICE'
[2023-06-11 12:12:17Z INFO WindowsServiceControlManager] LogonAccount after transforming: NT AUTHORITY\NETWORK SERVICE, user: NETWORK SERVICE, domain: NT AUTHORITY
[2023-06-11 12:12:17Z INFO WindowsServiceControlManager] Service name 'actions.runner.kwakseungmin23-TS_Practice_Real.sampleNameOfRunner' display name 'GitHub Actions Runner (kwakseungmin23-TS_Practice_Real.sampleNameOfRunner)' will be used for service configuration.
[2023-06-11 12:12:17Z INFO WindowsServiceControlManager] Verifying if the account has LogonAsService permission
[2023-06-11 12:12:17Z INFO WindowsServiceControlManager] Account: NT AUTHORITY\NETWORK SERVICE already has Logon As Service Privilege.
[2023-06-11 12:12:17Z INFO WindowsServiceControlManager] Create local group and grant folder permission to service logon account.
[2023-06-11 12:12:17Z INFO HostContext] Well known directory 'Bin': 'C:\Users\User\Desktop\course-starting-project\actions-runner\bin'
[2023-06-11 12:12:17Z INFO HostContext] Well known directory 'Root': 'C:\Users\User\Desktop\course-starting-project\actions-runner'
[2023-06-11 12:12:17Z INFO ConfigurationStore] Read setting file: 314 chars
[2023-06-11 12:12:17Z INFO HostContext] Well known directory 'Bin': 'C:\Users\User\Desktop\course-starting-project\actions-runner\bin'
[2023-06-11 12:12:17Z INFO HostContext] Well known directory 'Root': 'C:\Users\User\Desktop\course-starting-project\actions-runner'
[2023-06-11 12:12:17Z INFO HostContext] Well known directory 'Work': 'C:\Users\User\Desktop\course-starting-project\actions-runner\_work'
[2023-06-11 12:12:17Z INFO HostContext] Well known directory 'Bin': 'C:\Users\User\Desktop\course-starting-project\actions-runner\bin'
[2023-06-11 12:12:17Z INFO NativeWindowsServiceHelper] Calculated unique group name GITHUB_ActionsRunner_G7a1b5
[2023-06-11 12:12:17Z INFO NativeWindowsServiceHelper] Trying to create group GITHUB_ActionsRunner_G7a1b5
[2023-06-11 12:12:17Z INFO NativeWindowsServiceHelper] Local Group 'GITHUB_ActionsRunner_G7a1b5' created
[2023-06-11 12:12:17Z INFO NativeWindowsServiceHelper] Trying to add userName NT AUTHORITY\NETWORK SERVICE to the group GITHUB_ActionsRunner_G7a1b5
[2023-06-11 12:12:17Z INFO NativeWindowsServiceHelper] Account 'NT AUTHORITY\NETWORK SERVICE' is added to local group 'GITHUB_ActionsRunner_G7a1b5'.
[2023-06-11 12:12:17Z INFO NativeWindowsServiceHelper] Set full access control to group for the folder C:\Users\User\Desktop\course-starting-project\actions-runner
[2023-06-11 12:12:17Z INFO NativeWindowsServiceHelper] Set full access control to group for the folder C:\Users\User\Desktop\course-starting-project\actions-runner\_work
[2023-06-11 12:12:17Z INFO NativeWindowsServiceHelper] Local group 'GITHUB_ActionsRunner_G7a1b5' already has full control to path 'C:\Users\User\Desktop\course-starting-project\actions-runner\_work'.
[2023-06-11 12:12:17Z INFO Terminal] WRITE LINE: Granting file permissions to 'NT AUTHORITY\NETWORK SERVICE'.
[2023-06-11 12:12:17Z INFO HostContext] Well known directory 'Bin': 'C:\Users\User\Desktop\course-starting-project\actions-runner\bin'
[2023-06-11 12:12:17Z INFO ProcessInvokerWrapper] Starting process:
[2023-06-11 12:12:17Z INFO ProcessInvokerWrapper]   File name: '"C:\Users\User\Desktop\course-starting-project\actions-runner\bin\RunnerService.exe"'
[2023-06-11 12:12:17Z INFO ProcessInvokerWrapper]   Arguments: 'init'
[2023-06-11 12:12:17Z INFO ProcessInvokerWrapper]   Working directory: ''
[2023-06-11 12:12:17Z INFO ProcessInvokerWrapper]   Require exit code zero: 'True'
[2023-06-11 12:12:17Z INFO ProcessInvokerWrapper]   Encoding web name:  ; code page: ''
[2023-06-11 12:12:17Z INFO ProcessInvokerWrapper]   Force kill process on cancellation: 'False'
[2023-06-11 12:12:17Z INFO ProcessInvokerWrapper]   Redirected STDIN: 'False'
[2023-06-11 12:12:17Z INFO ProcessInvokerWrapper]   Persist current code page: 'False'
[2023-06-11 12:12:17Z INFO ProcessInvokerWrapper]   Keep redirected STDIN open: 'False'
[2023-06-11 12:12:17Z INFO ProcessInvokerWrapper]   High priority process: 'False'
[2023-06-11 12:12:17Z INFO ProcessInvokerWrapper] Process started with process id 181996, waiting for process exit.
[2023-06-11 12:12:17Z INFO ProcessInvokerWrapper] STDOUT/STDERR stream read finished.
[2023-06-11 12:12:17Z INFO ProcessInvokerWrapper] STDOUT/STDERR stream read finished.
[2023-06-11 12:12:17Z INFO ProcessInvokerWrapper] Finished process 181996 with exit code 0, and elapsed time 00:00:00.0628591.
[2023-06-11 12:12:17Z INFO Terminal] WRITE LINE: Service actions.runner.kwakseungmin23-TS_Practice_Real.sampleNameOfRunner successfully installed
[2023-06-11 12:12:17Z INFO Terminal] WRITE LINE: Service actions.runner.kwakseungmin23-TS_Practice_Real.sampleNameOfRunner successfully set recovery option
[2023-06-11 12:12:17Z INFO Terminal] WRITE LINE: Service actions.runner.kwakseungmin23-TS_Practice_Real.sampleNameOfRunner successfully set to delayed auto start
[2023-06-11 12:12:17Z INFO Terminal] WRITE LINE: Service actions.runner.kwakseungmin23-TS_Practice_Real.sampleNameOfRunner successfully configured
[2023-06-11 12:12:17Z INFO HostContext] Well known directory 'Bin': 'C:\Users\User\Desktop\course-starting-project\actions-runner\bin'
[2023-06-11 12:12:17Z INFO HostContext] Well known directory 'Root': 'C:\Users\User\Desktop\course-starting-project\actions-runner'
[2023-06-11 12:12:17Z INFO HostContext] Well known config file 'Service': 'C:\Users\User\Desktop\course-starting-project\actions-runner\.service'
[2023-06-11 12:12:17Z INFO WindowsServiceControlManager] Configuration was successful, trying to start the service
[2023-06-11 12:12:17Z INFO Terminal] WRITE LINE: Waiting for service to start...
[2023-06-11 12:12:18Z INFO Terminal] WRITE LINE: Service actions.runner.kwakseungmin23-TS_Practice_Real.sampleNameOfRunner started successfully
[2023-06-11 12:12:18Z INFO Listener] Runner execution has finished with return code 0
